com.zerog.ia.installer.Installer en Tuxedo 8.1
com.zerog.ia.installer.actions.CustomAction com.bea.installer.BeforeCopying "C:\lmgs\tux81\bin\beasvc.exe -remove -svcname:"BEA ProcMGR V2.2"","C:\lmgs\tux81\bin\beasvc.exe -remove -svcname:"BEA ProcMGR V8.0"","C:\lmgs\tux81\bin\beasvc.exe -remove -svcname:"TUXEDO Listener on Port 3050""
com.zerog.ia.installer.actions.InstallDirectory false C:\lmgs\tux81\uninstaller
com.zerog.ia.installer.actions.InstallUninstaller 1 13 2 C:\lmgs\tux81\uninstaller
com.zerog.ia.installer.actions.InstallFile 0 C:\lmgs\tux81\uninstaller\user.zip
com.zerog.ia.installer.actions.MakeExecutable C:\lmgs\tux81\uninstaller\uninstall.exe
com.zerog.ia.installer.actions.InstallFile 0 C:\lmgs\tux81\uninstaller\uninstall.lax
com.zerog.ia.installer.actions.InstallFile 1 C:\lmgs\tux81\uninstaller\lax.jar
com.zerog.ia.installer.actions.InstallDirectory false C:\lmgs\tux81\uninstaller\resource
com.zerog.ia.installer.actions.InstallDirectory false C:\lmgs\tux81\uninstaller\resource\i18nresources
com.zerog.ia.installer.actions.InstallFile 1 C:\lmgs\tux81\uninstaller\resource\i18nresources\custom_en
com.zerog.ia.installer.actions.InstallFile 1 C:\lmgs\tux81\uninstaller\resource\jdglue.zip
com.zerog.ia.installer.actions.InstallFile 1 C:\lmgs\tux81\uninstaller\resource\iawin32.dll
com.zerog.ia.installer.actions.InstallFile 1 C:\lmgs\tux81\uninstaller\resource\remove.exe
com.zerog.ia.installer.actions.MakeRegEntry 6 HKEY_LOCAL_MACHINE\SOFTWARE\Microsoft\Windows\CurrentVersion\Uninstall\Tuxedo 8.1
com.zerog.ia.installer.actions.MakeRegEntry 6 HKEY_LOCAL_MACHINE\SOFTWARE\Microsoft\Windows\CurrentVersion\Uninstall\Tuxedo 8.1
com.zerog.ia.installer.actions.InstallFile 460243 C:\lmgs\tux81\uninstaller\uninstaller.jar
com.zerog.ia.installer.actions.InstallDirectory false C:\lmgs\tux81\bin
com.zerog.ia.installer.actions.InstallFile 24576 C:\lmgs\tux81\bin\bealic.exe
com.zerog.ia.installer.actions.InstallDirectory false C:\lmgs\tux81\locale
com.zerog.ia.installer.actions.CreateShortcut C:\Documents and Settings\Kwak\시작 메뉴\프로그램\BEA WebLogic E-Business Platform\Tuxedo 8.1\uninstall.lnk
com.zerog.ia.installer.actions.CreateShortcut C:\Documents and Settings\Kwak\시작 메뉴\프로그램\BEA WebLogic E-Business Platform\Tuxedo 8.1\bealic.lnk
com.zerog.ia.installer.actions.CustomAction com.bea.installer.InstallerRegistryUpdate "C:\bea","Tuxedo","8.1","C:\lmgs\tux81","sunghwan","C:\lmgs\tux81\uninstaller\complist","Tuxedo 8.1","C:\bea\logs\log.txt","BEA WebLogic E-Business Platform","C:\Documents and Settings\Kwak\시작 메뉴\프로그램\BEA WebLogic E-Business Platform","BEA WebLogic E-Business Platform","C:\Documents and Settings\Kwak\시작 메뉴\프로그램\BEA WebLogic E-Business Platform\BEAHOME Location.txt","C:\Documents and Settings\Kwak\시작 메뉴\프로그램\BEA WebLogic E-Business Platform\View History.txt"
com.zerog.ia.installer.actions.CustomAction com.bea.installer.AddNtRegistryEntries "HKEY_LOCAL_MACHINE\SOFTWARE\BEA Systems\TUXEDO\8.1\Developer\Libraries\All\libengine.lib","HKEY_LOCAL_MACHINE\SOFTWARE\BEA Systems\TUXEDO\8.1\Developer\Libraries\All\libfml.lib","HKEY_LOCAL_MACHINE\SOFTWARE\BEA Systems\TUXEDO\8.1\Developer\Libraries\All\libfml32.lib","HKEY_LOCAL_MACHINE\SOFTWARE\BEA Systems\TUXEDO\8.1\Developer\Libraries\Client\libtux.lib","HKEY_LOCAL_MACHINE\SOFTWARE\BEA Systems\TUXEDO\8.1\Developer\Libraries\Client\libbuft.lib","HKEY_LOCAL_MACHINE\SOFTWARE\BEA Systems\TUXEDO\8.1\Developer\Libraries\Server\libtux.lib","HKEY_LOCAL_MACHINE\SOFTWARE\BEA Systems\TUXEDO\8.1\Developer\Libraries\Server\libbuft.lib","HKEY_LOCAL_MACHINE\SOFTWARE\BEA Systems\TUXEDO\8.1\Developer\Libraries\Workstation\libbuft.lib","HKEY_LOCAL_MACHINE\SOFTWARE\BEA Systems\TUXEDO\8.1\Developer\Libraries\Workstation\libwsc.lib","HKEY_LOCAL_MACHINE\SYSTEM\CurrentControlSet\Services\EventLog\Application\cmdfml","HKEY_LOCAL_MACHINE\SYSTEM\CurrentControlSet\Services\EventLog\Application\cmdfs","HKEY_LOCAL_MACHINE\SYSTEM\CurrentControlSet\Services\EventLog\Application\cmdgw","HKEY_LOCAL_MACHINE\SYSTEM\CurrentControlSet\Services\EventLog\Application\cmdrms","HKEY_LOCAL_MACHINE\SYSTEM\CurrentControlSet\Services\EventLog\Application\cmdsql","HKEY_LOCAL_MACHINE\SYSTEM\CurrentControlSet\Services\EventLog\Application\cmdtux","HKEY_LOCAL_MACHINE\SYSTEM\CurrentControlSet\Services\EventLog\Application\cobapi","HKEY_LOCAL_MACHINE\SYSTEM\CurrentControlSet\Services\EventLog\Application\dbadmin","HKEY_LOCAL_MACHINE\SYSTEM\CurrentControlSet\Services\EventLog\Application\gp","HKEY_LOCAL_MACHINE\SYSTEM\CurrentControlSet\Services\EventLog\Application\isnat","HKEY_LOCAL_MACHINE\SYSTEM\CurrentControlSet\Services\EventLog\Application\lang","HKEY_LOCAL_MACHINE\SYSTEM\CurrentControlSet\Services\EventLog\Application\libdux","HKEY_LOCAL_MACHINE\SYSTEM\CurrentControlSet\Services\EventLog\Application\libfml","HKEY_LOCAL_MACHINE\SYSTEM\CurrentControlSet\Services\EventLog\Application\libgw","HKEY_LOCAL_MACHINE\SYSTEM\CurrentControlSet\Services\EventLog\Application\libgwt","HKEY_LOCAL_MACHINE\SYSTEM\CurrentControlSet\Services\EventLog\Application\libmff","HKEY_LOCAL_MACHINE\SYSTEM\CurrentControlSet\Services\EventLog\Application\liborb","HKEY_LOCAL_MACHINE\SYSTEM\CurrentControlSet\Services\EventLog\Application\liborbcmd","HKEY_LOCAL_MACHINE\SYSTEM\CurrentControlSet\Services\EventLog\Application\libsql","HKEY_LOCAL_MACHINE\SYSTEM\CurrentControlSet\Services\EventLog\Application\libtmib","HKEY_LOCAL_MACHINE\SYSTEM\CurrentControlSet\Services\EventLog\Application\libtux","HKEY_LOCAL_MACHINE\SYSTEM\CurrentControlSet\Services\EventLog\Application\libwsc","HKEY_LOCAL_MACHINE\SYSTEM\CurrentControlSet\Services\EventLog\Application\ots","HKEY_LOCAL_MACHINE\SYSTEM\CurrentControlSet\Services\EventLog\Application\q","HKEY_LOCAL_MACHINE\SYSTEM\CurrentControlSet\Services\EventLog\Application\rmgr","HKEY_LOCAL_MACHINE\SYSTEM\CurrentControlSet\Services\EventLog\Application\tmadmin","HKEY_LOCAL_MACHINE\SYSTEM\CurrentControlSet\Services\EventLog\Application\tpfw","HKEY_LOCAL_MACHINE\SYSTEM\CurrentControlSet\Services\EventLog\Application\trpc","HKEY_LOCAL_MACHINE\SYSTEM\CurrentControlSet\Services\EventLog\Application\tuxnt","HKEY_LOCAL_MACHINE\SYSTEM\CurrentControlSet\Services\EventLog\Application\wsnat","HKEY_LOCAL_MACHINE\SYSTEM\CurrentControlSet\Services\EventLog\Application\webgui","HKEY_LOCAL_MACHINE\SOFTWARE\BEA Systems\TUXEDO\8.1","HKEY_LOCAL_MACHINE\SOFTWARE\BEA Systems\TUXEDO\8.1\SECURITY","HKEY_LOCAL_MACHINE\SYSTEM\CurrentControlSet\Services\TUXEDO IPC Helper\Performance","HKEY_LOCAL_MACHINE\SOFTWARE\BEA Systems\TUXEDO\8.1\Environment","HKEY_LOCAL_MACHINE\SOFTWARE\BEA Systems\TUXEDO\8.1\Environment","HKEY_LOCAL_MACHINE\SOFTWARE\BEA Systems\Desktop Connection\CurrentVersion\Parameters","HKEY_LOCAL_MACHINE\SOFTWARE\BEA Systems\Desktop Connection\CurrentVersion","HKEY_LOCAL_MACHINE\SOFTWARE\Visual Edge\ObjectBridge OEM Edition\Config\Global\Adapters\Automation\Mapping","HKEY_LOCAL_MACHINE\SOFTWARE\Visual Edge\ObjectBridge OEM Edition\Config\Global\Adapters\DCOM\Mapping","HKEY_LOCAL_MACHINE\SOFTWARE\Visual Edge\ObjectBridge OEM Edition\Config\Global\Adapters\Automation"
com.zerog.ia.installer.actions.ExtractZip false C:\lmgs\tux81\bin
com.zerog.ia.installer.actions.ExtractZip 24576 C:\lmgs\tux81\bin\bldc_dce.exe
com.zerog.ia.installer.actions.ExtractZip 24576 C:\lmgs\tux81\bin\blds_dce.exe
com.zerog.ia.installer.actions.ExtractZip 10869 C:\lmgs\tux81\bin\BLDTUXEDO.HLP
com.zerog.ia.installer.actions.ExtractZip 20480 C:\lmgs\tux81\bin\buildclient.exe
com.zerog.ia.installer.actions.ExtractZip 73728 C:\lmgs\tux81\bin\buildtuxedo.exe
com.zerog.ia.installer.actions.ExtractZip 47 C:\lmgs\tux81\bin\CBLDCLNT.cmd
com.zerog.ia.installer.actions.ExtractZip 41 C:\lmgs\tux81\bin\CBLVIEWC.cmd
com.zerog.ia.installer.actions.ExtractZip 45 C:\lmgs\tux81\bin\CBLVIEWC32.cmd
com.zerog.ia.installer.actions.ExtractZip 16384 C:\lmgs\tux81\bin\epifreg.exe
com.zerog.ia.installer.actions.ExtractZip 28672 C:\lmgs\tux81\bin\epifregedt.exe
com.zerog.ia.installer.actions.ExtractZip 16384 C:\lmgs\tux81\bin\epifunreg.exe
com.zerog.ia.installer.actions.ExtractZip 45056 C:\lmgs\tux81\bin\gendef.exe
com.zerog.ia.installer.actions.ExtractZip 45056 C:\lmgs\tux81\bin\genlink.exe
com.zerog.ia.installer.actions.ExtractZip 1236992 C:\lmgs\tux81\bin\grid.dll
com.zerog.ia.installer.actions.ExtractZip 16384 C:\lmgs\tux81\bin\ipclean.exe
com.zerog.ia.installer.actions.ExtractZip 16384 C:\lmgs\tux81\bin\ipcrm.exe
com.zerog.ia.installer.actions.ExtractZip 20480 C:\lmgs\tux81\bin\ipcs.exe
com.zerog.ia.installer.actions.ExtractZip 20480 C:\lmgs\tux81\bin\libbuft.dll
com.zerog.ia.installer.actions.ExtractZip 671744 C:\lmgs\tux81\bin\libengine.dll
com.zerog.ia.installer.actions.ExtractZip 118784 C:\lmgs\tux81\bin\libfml.dll
com.zerog.ia.installer.actions.ExtractZip 114688 C:\lmgs\tux81\bin\libfml32.dll
com.zerog.ia.installer.actions.ExtractZip 880640 C:\lmgs\tux81\bin\libgiconv.dll
com.zerog.ia.installer.actions.ExtractZip 159744 C:\lmgs\tux81\bin\libgpnet.dll
com.zerog.ia.installer.actions.ExtractZip 40960 C:\lmgs\tux81\bin\libjms.dll
com.zerog.ia.installer.actions.ExtractZip 307200 C:\lmgs\tux81\bin\libqm.dll
com.zerog.ia.installer.actions.ExtractZip 77824 C:\lmgs\tux81\bin\libqs.dll
com.zerog.ia.installer.actions.ExtractZip 163840 C:\lmgs\tux81\bin\libsec.dll
com.zerog.ia.installer.actions.ExtractZip 339652 C:\lmgs\tux81\bin\libsecssl.dll
com.zerog.ia.installer.actions.ExtractZip 1978368 C:\lmgs\tux81\bin\libtxml.dll
com.zerog.ia.installer.actions.ExtractZip 417792 C:\lmgs\tux81\bin\libwsc.dll
com.zerog.ia.installer.actions.ExtractZip 16384 C:\lmgs\tux81\bin\mkfldhdr.exe
com.zerog.ia.installer.actions.ExtractZip 16384 C:\lmgs\tux81\bin\mkfldhdr32.exe
com.zerog.ia.installer.actions.ExtractZip 16384 C:\lmgs\tux81\bin\mklanginfo.exe
com.zerog.ia.installer.actions.ExtractZip 270389 C:\lmgs\tux81\bin\registry.dll
com.zerog.ia.installer.actions.ExtractZip 8118272 C:\lmgs\tux81\bin\ticudt21.dll
com.zerog.ia.installer.actions.ExtractZip 778240 C:\lmgs\tux81\bin\ticuin21.dll
com.zerog.ia.installer.actions.ExtractZip 471040 C:\lmgs\tux81\bin\ticuuc21.dll
com.zerog.ia.installer.actions.ExtractZip 225280 C:\lmgs\tux81\bin\tidl.exe
com.zerog.ia.installer.actions.ExtractZip 1220608 C:\lmgs\tux81\bin\toolkit.dll
com.zerog.ia.installer.actions.ExtractZip 270336 C:\lmgs\tux81\bin\tuxdev.exe
com.zerog.ia.installer.actions.ExtractZip 106496 C:\lmgs\tux81\bin\tuxlib.dll
com.zerog.ia.installer.actions.ExtractZip 16384 C:\lmgs\tux81\bin\uuidgen.exe
com.zerog.ia.installer.actions.ExtractZip 36864 C:\lmgs\tux81\bin\viewc.exe
com.zerog.ia.installer.actions.ExtractZip 36864 C:\lmgs\tux81\bin\viewc32.exe
com.zerog.ia.installer.actions.ExtractZip 20480 C:\lmgs\tux81\bin\viewdis.exe
com.zerog.ia.installer.actions.ExtractZip 20480 C:\lmgs\tux81\bin\viewdis32.exe
com.zerog.ia.installer.actions.ExtractZip 32768 C:\lmgs\tux81\bin\wincat.exe
com.zerog.ia.installer.actions.ExtractZip 28672 C:\lmgs\tux81\bin\wtmconfig.exe
com.zerog.ia.installer.actions.ExtractZip 69632 C:\lmgs\tux81\bin\wtuxws32.dll
com.zerog.ia.installer.actions.ExtractZip 20480 C:\lmgs\tux81\bin\wud.exe
com.zerog.ia.installer.actions.ExtractZip 20480 C:\lmgs\tux81\bin\wud32.exe
com.zerog.ia.installer.actions.ExtractZip false C:\lmgs\tux81\include
com.zerog.ia.installer.actions.ExtractZip 20887 C:\lmgs\tux81\include\atmi.h
com.zerog.ia.installer.actions.ExtractZip 6611 C:\lmgs\tux81\include\decimal.h
com.zerog.ia.installer.actions.ExtractZip 2422 C:\lmgs\tux81\include\evt_mib.h
com.zerog.ia.installer.actions.ExtractZip 11808 C:\lmgs\tux81\include\fml.h
com.zerog.ia.installer.actions.ExtractZip 5482 C:\lmgs\tux81\include\fml1632.h
com.zerog.ia.installer.actions.ExtractZip 13100 C:\lmgs\tux81\include\fml32.h
com.zerog.ia.installer.actions.ExtractZip 2855 C:\lmgs\tux81\include\fmltarg.h
com.zerog.ia.installer.actions.ExtractZip 16906 C:\lmgs\tux81\include\fs.h
com.zerog.ia.installer.actions.ExtractZip 8513 C:\lmgs\tux81\include\fslb.h
com.zerog.ia.installer.actions.ExtractZip 11976 C:\lmgs\tux81\include\gssapi.h
com.zerog.ia.installer.actions.ExtractZip 3531 C:\lmgs\tux81\include\langinfo.h
com.zerog.ia.installer.actions.ExtractZip 1610 C:\lmgs\tux81\include\nl_types.h
com.zerog.ia.installer.actions.ExtractZip 4726 C:\lmgs\tux81\include\oxa.h
com.zerog.ia.installer.actions.ExtractZip 2902 C:\lmgs\tux81\include\restart.h
com.zerog.ia.installer.actions.ExtractZip 21193 C:\lmgs\tux81\include\rm.h
com.zerog.ia.installer.actions.ExtractZip 0 C:\lmgs\tux81\include\rpc
com.zerog.ia.installer.actions.ExtractZip 3323 C:\lmgs\tux81\include\rpc\netcvt.h
com.zerog.ia.installer.actions.ExtractZip 1830 C:\lmgs\tux81\include\rpc\tbase.h
com.zerog.ia.installer.actions.ExtractZip 1248 C:\lmgs\tux81\include\rpc\tbase.idl
com.zerog.ia.installer.actions.ExtractZip 12205 C:\lmgs\tux81\include\rpc\texc.h
com.zerog.ia.installer.actions.ExtractZip 5060 C:\lmgs\tux81\include\rpc\tidlbase.h
com.zerog.ia.installer.actions.ExtractZip 6008 C:\lmgs\tux81\include\rpc\tidlxdr.h
com.zerog.ia.installer.actions.ExtractZip 17006 C:\lmgs\tux81\include\rpc\trpcsts.h
com.zerog.ia.installer.actions.ExtractZip 1737 C:\lmgs\tux81\include\rpc\tsetjmp.h
com.zerog.ia.installer.actions.ExtractZip 1622 C:\lmgs\tux81\include\rpc\types.h
com.zerog.ia.installer.actions.ExtractZip 13279 C:\lmgs\tux81\include\rpc\xdr.h
com.zerog.ia.installer.actions.ExtractZip 2174 C:\lmgs\tux81\include\sqlca.h
com.zerog.ia.installer.actions.ExtractZip 3574 C:\lmgs\tux81\include\sqlcode.h
com.zerog.ia.installer.actions.ExtractZip 3098 C:\lmgs\tux81\include\sqlda.h
com.zerog.ia.installer.actions.ExtractZip 1950 C:\lmgs\tux81\include\tmaexit.h
com.zerog.ia.installer.actions.ExtractZip 3894 C:\lmgs\tux81\include\tmenv.h
com.zerog.ia.installer.actions.ExtractZip 13619 C:\lmgs\tux81\include\tmevent.h
com.zerog.ia.installer.actions.ExtractZip 12198 C:\lmgs\tux81\include\tmtypes.h
com.zerog.ia.installer.actions.ExtractZip 64127 C:\lmgs\tux81\include\tpadm.h
com.zerog.ia.installer.actions.ExtractZip 3920 C:\lmgs\tux81\include\tpauth.h
com.zerog.ia.installer.actions.ExtractZip 4161 C:\lmgs\tux81\include\tx.h
com.zerog.ia.installer.actions.ExtractZip 0 C:\lmgs\tux81\include\unicode
com.zerog.ia.installer.actions.ExtractZip 9914 C:\lmgs\tux81\include\unicode\bidi.h
com.zerog.ia.installer.actions.ExtractZip 20045 C:\lmgs\tux81\include\unicode\brkiter.h
com.zerog.ia.installer.actions.ExtractZip 43626 C:\lmgs\tux81\include\unicode\calendar.h
com.zerog.ia.installer.actions.ExtractZip 19205 C:\lmgs\tux81\include\unicode\chariter.h
com.zerog.ia.installer.actions.ExtractZip 27577 C:\lmgs\tux81\include\unicode\choicfmt.h
com.zerog.ia.installer.actions.ExtractZip 11677 C:\lmgs\tux81\include\unicode\coleitr.h
com.zerog.ia.installer.actions.ExtractZip 31810 C:\lmgs\tux81\include\unicode\coll.h
com.zerog.ia.installer.actions.ExtractZip 18876 C:\lmgs\tux81\include\unicode\convert.h
com.zerog.ia.installer.actions.ExtractZip 10031 C:\lmgs\tux81\include\unicode\cpdtrans.h
com.zerog.ia.installer.actions.ExtractZip 26592 C:\lmgs\tux81\include\unicode\datefmt.h
com.zerog.ia.installer.actions.ExtractZip 9392 C:\lmgs\tux81\include\unicode\dbbi.h
com.zerog.ia.installer.actions.ExtractZip 27180 C:\lmgs\tux81\include\unicode\dcfmtsym.h
com.zerog.ia.installer.actions.ExtractZip 45324 C:\lmgs\tux81\include\unicode\decimfmt.h
com.zerog.ia.installer.actions.ExtractZip 14049 C:\lmgs\tux81\include\unicode\dtfmtsym.h
com.zerog.ia.installer.actions.ExtractZip 7123 C:\lmgs\tux81\include\unicode\fieldpos.h
com.zerog.ia.installer.actions.ExtractZip 8251 C:\lmgs\tux81\include\unicode\fmtable.h
com.zerog.ia.installer.actions.ExtractZip 11297 C:\lmgs\tux81\include\unicode\format.h
com.zerog.ia.installer.actions.ExtractZip 29584 C:\lmgs\tux81\include\unicode\gregocal.h
com.zerog.ia.installer.actions.ExtractZip 5557 C:\lmgs\tux81\include\unicode\hextouni.h
com.zerog.ia.installer.actions.ExtractZip 32890 C:\lmgs\tux81\include\unicode\locid.h
com.zerog.ia.installer.actions.ExtractZip 24280 C:\lmgs\tux81\include\unicode\msgfmt.h
com.zerog.ia.installer.actions.ExtractZip 39130 C:\lmgs\tux81\include\unicode\normlzr.h
com.zerog.ia.installer.actions.ExtractZip 1889 C:\lmgs\tux81\include\unicode\nultrans.h
com.zerog.ia.installer.actions.ExtractZip 21324 C:\lmgs\tux81\include\unicode\numfmt.h
com.zerog.ia.installer.actions.ExtractZip 3072 C:\lmgs\tux81\include\unicode\parseerr.h
com.zerog.ia.installer.actions.ExtractZip 4484 C:\lmgs\tux81\include\unicode\parsepos.h
com.zerog.ia.installer.actions.ExtractZip 12394 C:\lmgs\tux81\include\unicode\putil.h
com.zerog.ia.installer.actions.ExtractZip 5047 C:\lmgs\tux81\include\unicode\pwin32.h
com.zerog.ia.installer.actions.ExtractZip 20937 C:\lmgs\tux81\include\unicode\rbbi.h
com.zerog.ia.installer.actions.ExtractZip 37605 C:\lmgs\tux81\include\unicode\rbnf.h
com.zerog.ia.installer.actions.ExtractZip 21746 C:\lmgs\tux81\include\unicode\rbt.h
com.zerog.ia.installer.actions.ExtractZip 7573 C:\lmgs\tux81\include\unicode\rep.h
com.zerog.ia.installer.actions.ExtractZip 17997 C:\lmgs\tux81\include\unicode\resbund.h
com.zerog.ia.installer.actions.ExtractZip 4966 C:\lmgs\tux81\include\unicode\schriter.h
com.zerog.ia.installer.actions.ExtractZip 5672 C:\lmgs\tux81\include\unicode\scsu.h
com.zerog.ia.installer.actions.ExtractZip 20623 C:\lmgs\tux81\include\unicode\search.h
com.zerog.ia.installer.actions.ExtractZip 28858 C:\lmgs\tux81\include\unicode\simpletz.h
com.zerog.ia.installer.actions.ExtractZip 34207 C:\lmgs\tux81\include\unicode\smpdtfmt.h
com.zerog.ia.installer.actions.ExtractZip 8405 C:\lmgs\tux81\include\unicode\sortkey.h
com.zerog.ia.installer.actions.ExtractZip 20979 C:\lmgs\tux81\include\unicode\stsearch.h
com.zerog.ia.installer.actions.ExtractZip 32361 C:\lmgs\tux81\include\unicode\tblcoll.h
com.zerog.ia.installer.actions.ExtractZip 23898 C:\lmgs\tux81\include\unicode\timezone.h
com.zerog.ia.installer.actions.ExtractZip 45844 C:\lmgs\tux81\include\unicode\translit.h
com.zerog.ia.installer.actions.ExtractZip 43565 C:\lmgs\tux81\include\unicode\ubidi.h
com.zerog.ia.installer.actions.ExtractZip 13470 C:\lmgs\tux81\include\unicode\ubrk.h
com.zerog.ia.installer.actions.ExtractZip 24125 C:\lmgs\tux81\include\unicode\ucal.h
com.zerog.ia.installer.actions.ExtractZip 63069 C:\lmgs\tux81\include\unicode\uchar.h
com.zerog.ia.installer.actions.ExtractZip 10239 C:\lmgs\tux81\include\unicode\uchriter.h
com.zerog.ia.installer.actions.ExtractZip 2518 C:\lmgs\tux81\include\unicode\uclean.h
com.zerog.ia.installer.actions.ExtractZip 45559 C:\lmgs\tux81\include\unicode\ucnv.h
com.zerog.ia.installer.actions.ExtractZip 6548 C:\lmgs\tux81\include\unicode\ucnv_cb.h
com.zerog.ia.installer.actions.ExtractZip 12668 C:\lmgs\tux81\include\unicode\ucnv_err.h
com.zerog.ia.installer.actions.ExtractZip 31678 C:\lmgs\tux81\include\unicode\ucol.h
com.zerog.ia.installer.actions.ExtractZip 8684 C:\lmgs\tux81\include\unicode\ucoleitr.h
com.zerog.ia.installer.actions.ExtractZip 21017 C:\lmgs\tux81\include\unicode\udat.h
com.zerog.ia.installer.actions.ExtractZip 10933 C:\lmgs\tux81\include\unicode\udata.h
com.zerog.ia.installer.actions.ExtractZip 12257 C:\lmgs\tux81\include\unicode\uiter.h
com.zerog.ia.installer.actions.ExtractZip 19598 C:\lmgs\tux81\include\unicode\uloc.h
com.zerog.ia.installer.actions.ExtractZip 6051 C:\lmgs\tux81\include\unicode\umachine.h
com.zerog.ia.installer.actions.ExtractZip 957 C:\lmgs\tux81\include\unicode\umisc.h
com.zerog.ia.installer.actions.ExtractZip 23268 C:\lmgs\tux81\include\unicode\umsg.h
com.zerog.ia.installer.actions.ExtractZip 45261 C:\lmgs\tux81\include\unicode\unicode.h
com.zerog.ia.installer.actions.ExtractZip 3070 C:\lmgs\tux81\include\unicode\unifilt.h
com.zerog.ia.installer.actions.ExtractZip 3269 C:\lmgs\tux81\include\unicode\unifltlg.h
com.zerog.ia.installer.actions.ExtractZip 4328 C:\lmgs\tux81\include\unicode\unifunct.h
com.zerog.ia.installer.actions.ExtractZip 5376 C:\lmgs\tux81\include\unicode\unimatch.h
com.zerog.ia.installer.actions.ExtractZip 2707 C:\lmgs\tux81\include\unicode\unirepl.h
com.zerog.ia.installer.actions.ExtractZip 30072 C:\lmgs\tux81\include\unicode\uniset.h
com.zerog.ia.installer.actions.ExtractZip 144859 C:\lmgs\tux81\include\unicode\unistr.h
com.zerog.ia.installer.actions.ExtractZip 6935 C:\lmgs\tux81\include\unicode\unitohex.h
com.zerog.ia.installer.actions.ExtractZip 17331 C:\lmgs\tux81\include\unicode\unorm.h
com.zerog.ia.installer.actions.ExtractZip 26871 C:\lmgs\tux81\include\unicode\unum.h
com.zerog.ia.installer.actions.ExtractZip 48665 C:\lmgs\tux81\include\unicode\urename.h
com.zerog.ia.installer.actions.ExtractZip 4438 C:\lmgs\tux81\include\unicode\urep.h
com.zerog.ia.installer.actions.ExtractZip 25779 C:\lmgs\tux81\include\unicode\ures.h
com.zerog.ia.installer.actions.ExtractZip 4449 C:\lmgs\tux81\include\unicode\uscript.h
com.zerog.ia.installer.actions.ExtractZip 26227 C:\lmgs\tux81\include\unicode\usearch.h
com.zerog.ia.installer.actions.ExtractZip 9187 C:\lmgs\tux81\include\unicode\ushape.h
com.zerog.ia.installer.actions.ExtractZip 39471 C:\lmgs\tux81\include\unicode\ustring.h
com.zerog.ia.installer.actions.ExtractZip 21044 C:\lmgs\tux81\include\unicode\utf.h
com.zerog.ia.installer.actions.ExtractZip 10510 C:\lmgs\tux81\include\unicode\utf16.h
com.zerog.ia.installer.actions.ExtractZip 3816 C:\lmgs\tux81\include\unicode\utf32.h
com.zerog.ia.installer.actions.ExtractZip 9667 C:\lmgs\tux81\include\unicode\utf8.h
com.zerog.ia.installer.actions.ExtractZip 19686 C:\lmgs\tux81\include\unicode\utrans.h
com.zerog.ia.installer.actions.ExtractZip 19949 C:\lmgs\tux81\include\unicode\utypes.h
com.zerog.ia.installer.actions.ExtractZip 6514 C:\lmgs\tux81\include\unicode\uversion.h
com.zerog.ia.installer.actions.ExtractZip 1534 C:\lmgs\tux81\include\userlog.h
com.zerog.ia.installer.actions.ExtractZip 3281 C:\lmgs\tux81\include\Usignal.h
com.zerog.ia.installer.actions.ExtractZip 1952 C:\lmgs\tux81\include\Usysfl32.h
com.zerog.ia.installer.actions.ExtractZip 1836 C:\lmgs\tux81\include\Usysflds.h
com.zerog.ia.installer.actions.ExtractZip 9866 C:\lmgs\tux81\include\Uunix.h
com.zerog.ia.installer.actions.ExtractZip 7821 C:\lmgs\tux81\include\xa.h
com.zerog.ia.installer.actions.ExtractZip 20887 C:\lmgs\tux81\include\xatmi.h
com.zerog.ia.installer.actions.ExtractZip 0 C:\lmgs\tux81\include\xercesc
com.zerog.ia.installer.actions.ExtractZip 0 C:\lmgs\tux81\include\xercesc\dom
com.zerog.ia.installer.actions.ExtractZip 4446 C:\lmgs\tux81\include\xercesc\dom\DOM.hpp
com.zerog.ia.installer.actions.ExtractZip 4718 C:\lmgs\tux81\include\xercesc\dom\DomMemDebug.hpp
com.zerog.ia.installer.actions.ExtractZip 17150 C:\lmgs\tux81\include\xercesc\dom\DOMString.hpp
com.zerog.ia.installer.actions.ExtractZip 8749 C:\lmgs\tux81\include\xercesc\dom\DOM_Attr.hpp
com.zerog.ia.installer.actions.ExtractZip 6442 C:\lmgs\tux81\include\xercesc\dom\DOM_CDATASection.hpp
com.zerog.ia.installer.actions.ExtractZip 11557 C:\lmgs\tux81\include\xercesc\dom\DOM_CharacterData.hpp
com.zerog.ia.installer.actions.ExtractZip 6164 C:\lmgs\tux81\include\xercesc\dom\DOM_Comment.hpp
com.zerog.ia.installer.actions.ExtractZip 25304 C:\lmgs\tux81\include\xercesc\dom\DOM_Document.hpp
com.zerog.ia.installer.actions.ExtractZip 7671 C:\lmgs\tux81\include\xercesc\dom\DOM_DocumentFragment.hpp
com.zerog.ia.installer.actions.ExtractZip 8768 C:\lmgs\tux81\include\xercesc\dom\DOM_DocumentType.hpp
com.zerog.ia.installer.actions.ExtractZip 6808 C:\lmgs\tux81\include\xercesc\dom\DOM_DOMException.hpp
com.zerog.ia.installer.actions.ExtractZip 9016 C:\lmgs\tux81\include\xercesc\dom\DOM_DOMImplementation.hpp
com.zerog.ia.installer.actions.ExtractZip 20728 C:\lmgs\tux81\include\xercesc\dom\DOM_Element.hpp
com.zerog.ia.installer.actions.ExtractZip 7289 C:\lmgs\tux81\include\xercesc\dom\DOM_Entity.hpp
com.zerog.ia.installer.actions.ExtractZip 6399 C:\lmgs\tux81\include\xercesc\dom\DOM_EntityReference.hpp
com.zerog.ia.installer.actions.ExtractZip 15247 C:\lmgs\tux81\include\xercesc\dom\DOM_NamedNodeMap.hpp
com.zerog.ia.installer.actions.ExtractZip 24661 C:\lmgs\tux81\include\xercesc\dom\DOM_Node.hpp
com.zerog.ia.installer.actions.ExtractZip 8419 C:\lmgs\tux81\include\xercesc\dom\DOM_NodeFilter.hpp
com.zerog.ia.installer.actions.ExtractZip 9305 C:\lmgs\tux81\include\xercesc\dom\DOM_NodeIterator.hpp
com.zerog.ia.installer.actions.ExtractZip 9233 C:\lmgs\tux81\include\xercesc\dom\DOM_NodeList.hpp
com.zerog.ia.installer.actions.ExtractZip 7297 C:\lmgs\tux81\include\xercesc\dom\DOM_Notation.hpp
com.zerog.ia.installer.actions.ExtractZip 7478 C:\lmgs\tux81\include\xercesc\dom\DOM_ProcessingInstruction.hpp
com.zerog.ia.installer.actions.ExtractZip 4973 C:\lmgs\tux81\include\xercesc\dom\DOM_Range.hpp
com.zerog.ia.installer.actions.ExtractZip 5228 C:\lmgs\tux81\include\xercesc\dom\DOM_RangeException.hpp
com.zerog.ia.installer.actions.ExtractZip 8768 C:\lmgs\tux81\include\xercesc\dom\DOM_Text.hpp
com.zerog.ia.installer.actions.ExtractZip 11411 C:\lmgs\tux81\include\xercesc\dom\DOM_TreeWalker.hpp
com.zerog.ia.installer.actions.ExtractZip 5566 C:\lmgs\tux81\include\xercesc\dom\DOM_XMLDecl.hpp
com.zerog.ia.installer.actions.ExtractZip 0 C:\lmgs\tux81\include\xercesc\framework
com.zerog.ia.installer.actions.ExtractZip 8195 C:\lmgs\tux81\include\xercesc\framework\LocalFileInputSource.hpp
com.zerog.ia.installer.actions.ExtractZip 10705 C:\lmgs\tux81\include\xercesc\framework\MemBufInputSource.hpp
com.zerog.ia.installer.actions.ExtractZip 5792 C:\lmgs\tux81\include\xercesc\framework\StdInInputSource.hpp
com.zerog.ia.installer.actions.ExtractZip 10325 C:\lmgs\tux81\include\xercesc\framework\URLInputSource.hpp
com.zerog.ia.installer.actions.ExtractZip 21471 C:\lmgs\tux81\include\xercesc\framework\XMLAttDef.hpp
com.zerog.ia.installer.actions.ExtractZip 6631 C:\lmgs\tux81\include\xercesc\framework\XMLAttDefList.hpp
com.zerog.ia.installer.actions.ExtractZip 16413 C:\lmgs\tux81\include\xercesc\framework\XMLAttr.hpp
com.zerog.ia.installer.actions.ExtractZip 7860 C:\lmgs\tux81\include\xercesc\framework\XMLBuffer.hpp
com.zerog.ia.installer.actions.ExtractZip 7537 C:\lmgs\tux81\include\xercesc\framework\XMLBufferMgr.hpp
com.zerog.ia.installer.actions.ExtractZip 8220 C:\lmgs\tux81\include\xercesc\framework\XMLContentModel.hpp
com.zerog.ia.installer.actions.ExtractZip 13642 C:\lmgs\tux81\include\xercesc\framework\XMLDocumentHandler.hpp
com.zerog.ia.installer.actions.ExtractZip 24781 C:\lmgs\tux81\include\xercesc\framework\XMLElementDecl.hpp
com.zerog.ia.installer.actions.ExtractZip 15576 C:\lmgs\tux81\include\xercesc\framework\XMLEntityDecl.hpp
com.zerog.ia.installer.actions.ExtractZip 7800 C:\lmgs\tux81\include\xercesc\framework\XMLEntityHandler.hpp
com.zerog.ia.installer.actions.ExtractZip 15153 C:\lmgs\tux81\include\xercesc\framework\XMLErrorCodes.hpp
com.zerog.ia.installer.actions.ExtractZip 9205 C:\lmgs\tux81\include\xercesc\framework\XMLErrorReporter.hpp
com.zerog.ia.installer.actions.ExtractZip 12401 C:\lmgs\tux81\include\xercesc\framework\XMLFormatter.hpp
com.zerog.ia.installer.actions.ExtractZip 8138 C:\lmgs\tux81\include\xercesc\framework\XMLNotationDecl.hpp
com.zerog.ia.installer.actions.ExtractZip 7179 C:\lmgs\tux81\include\xercesc\framework\XMLPScanToken.hpp
com.zerog.ia.installer.actions.ExtractZip 6768 C:\lmgs\tux81\include\xercesc\framework\XMLRecognizer.hpp
com.zerog.ia.installer.actions.ExtractZip 7704 C:\lmgs\tux81\include\xercesc\framework\XMLRefInfo.hpp
com.zerog.ia.installer.actions.ExtractZip 18975 C:\lmgs\tux81\include\xercesc\framework\XMLValidator.hpp
com.zerog.ia.installer.actions.ExtractZip 6528 C:\lmgs\tux81\include\xercesc\framework\XMLValidityCodes.hpp
com.zerog.ia.installer.actions.ExtractZip 0 C:\lmgs\tux81\include\xercesc\idom
com.zerog.ia.installer.actions.ExtractZip 6117 C:\lmgs\tux81\include\xercesc\idom\IDCasts.hpp
com.zerog.ia.installer.actions.ExtractZip 3742 C:\lmgs\tux81\include\xercesc\idom\IDChildNode.hpp
com.zerog.ia.installer.actions.ExtractZip 15113 C:\lmgs\tux81\include\xercesc\idom\IDDeepNodeListPool.c
com.zerog.ia.installer.actions.ExtractZip 9331 C:\lmgs\tux81\include\xercesc\idom\IDDeepNodeListPool.hpp
com.zerog.ia.installer.actions.ExtractZip 5059 C:\lmgs\tux81\include\xercesc\idom\IDNodeIDMap.hpp
com.zerog.ia.installer.actions.ExtractZip 4245 C:\lmgs\tux81\include\xercesc\idom\IDNodeVector.hpp
com.zerog.ia.installer.actions.ExtractZip 4442 C:\lmgs\tux81\include\xercesc\idom\IDOM.hpp
com.zerog.ia.installer.actions.ExtractZip 6342 C:\lmgs\tux81\include\xercesc\idom\IDOM_Attr.hpp
com.zerog.ia.installer.actions.ExtractZip 4093 C:\lmgs\tux81\include\xercesc\idom\IDOM_CDATASection.hpp
com.zerog.ia.installer.actions.ExtractZip 9241 C:\lmgs\tux81\include\xercesc\idom\IDOM_CharacterData.hpp
com.zerog.ia.installer.actions.ExtractZip 3627 C:\lmgs\tux81\include\xercesc\idom\IDOM_Comment.hpp
com.zerog.ia.installer.actions.ExtractZip 21431 C:\lmgs\tux81\include\xercesc\idom\IDOM_Document.hpp
com.zerog.ia.installer.actions.ExtractZip 5637 C:\lmgs\tux81\include\xercesc\idom\IDOM_DocumentFragment.hpp
com.zerog.ia.installer.actions.ExtractZip 5614 C:\lmgs\tux81\include\xercesc\idom\IDOM_DocumentType.hpp
com.zerog.ia.installer.actions.ExtractZip 6083 C:\lmgs\tux81\include\xercesc\idom\IDOM_DOMException.hpp
com.zerog.ia.installer.actions.ExtractZip 4908 C:\lmgs\tux81\include\xercesc\idom\IDOM_DOMImplementation.hpp
com.zerog.ia.installer.actions.ExtractZip 18019 C:\lmgs\tux81\include\xercesc\idom\IDOM_Element.hpp
com.zerog.ia.installer.actions.ExtractZip 4887 C:\lmgs\tux81\include\xercesc\idom\IDOM_Entity.hpp
com.zerog.ia.installer.actions.ExtractZip 3962 C:\lmgs\tux81\include\xercesc\idom\IDOM_EntityReference.hpp
com.zerog.ia.installer.actions.ExtractZip 10530 C:\lmgs\tux81\include\xercesc\idom\IDOM_NamedNodeMap.hpp
com.zerog.ia.installer.actions.ExtractZip 20345 C:\lmgs\tux81\include\xercesc\idom\IDOM_Node.hpp
com.zerog.ia.installer.actions.ExtractZip 7365 C:\lmgs\tux81\include\xercesc\idom\IDOM_NodeFilter.hpp
com.zerog.ia.installer.actions.ExtractZip 6674 C:\lmgs\tux81\include\xercesc\idom\IDOM_NodeIterator.hpp
com.zerog.ia.installer.actions.ExtractZip 4741 C:\lmgs\tux81\include\xercesc\idom\IDOM_NodeList.hpp
com.zerog.ia.installer.actions.ExtractZip 4617 C:\lmgs\tux81\include\xercesc\idom\IDOM_Notation.hpp
com.zerog.ia.installer.actions.ExtractZip 4921 C:\lmgs\tux81\include\xercesc\idom\IDOM_ProcessingInstruction.hpp
com.zerog.ia.installer.actions.ExtractZip 4811 C:\lmgs\tux81\include\xercesc\idom\IDOM_Range.hpp
com.zerog.ia.installer.actions.ExtractZip 5363 C:\lmgs\tux81\include\xercesc\idom\IDOM_RangeException.hpp
com.zerog.ia.installer.actions.ExtractZip 6327 C:\lmgs\tux81\include\xercesc\idom\IDOM_Text.hpp
com.zerog.ia.installer.actions.ExtractZip 8801 C:\lmgs\tux81\include\xercesc\idom\IDOM_TreeWalker.hpp
com.zerog.ia.installer.actions.ExtractZip 5167 C:\lmgs\tux81\include\xercesc\idom\IDParentNode.hpp
com.zerog.ia.installer.actions.ExtractZip 0 C:\lmgs\tux81\include\xercesc\internal
com.zerog.ia.installer.actions.ExtractZip 10006 C:\lmgs\tux81\include\xercesc\internal\CharTypeTables.hpp
com.zerog.ia.installer.actions.ExtractZip 13873 C:\lmgs\tux81\include\xercesc\internal\ElemStack.hpp
com.zerog.ia.installer.actions.ExtractZip 5693 C:\lmgs\tux81\include\xercesc\internal\EndOfEntityException.hpp
com.zerog.ia.installer.actions.ExtractZip 17475 C:\lmgs\tux81\include\xercesc\internal\ReaderMgr.hpp
com.zerog.ia.installer.actions.ExtractZip 7042 C:\lmgs\tux81\include\xercesc\internal\VecAttributesImpl.hpp
com.zerog.ia.installer.actions.ExtractZip 6133 C:\lmgs\tux81\include\xercesc\internal\VecAttrListImpl.hpp
com.zerog.ia.installer.actions.ExtractZip 5932 C:\lmgs\tux81\include\xercesc\internal\XMLInternalErrorHandler.hpp
com.zerog.ia.installer.actions.ExtractZip 29626 C:\lmgs\tux81\include\xercesc\internal\XMLReader.hpp
com.zerog.ia.installer.actions.ExtractZip 47190 C:\lmgs\tux81\include\xercesc\internal\XMLScanner.hpp
com.zerog.ia.installer.actions.ExtractZip 0 C:\lmgs\tux81\include\xercesc\parsers
com.zerog.ia.installer.actions.ExtractZip 61736 C:\lmgs\tux81\include\xercesc\parsers\DOMParser.hpp
com.zerog.ia.installer.actions.ExtractZip 61356 C:\lmgs\tux81\include\xercesc\parsers\IDOMParser.hpp
com.zerog.ia.installer.actions.ExtractZip 60094 C:\lmgs\tux81\include\xercesc\parsers\SAX2XMLReaderImpl.hpp
com.zerog.ia.installer.actions.ExtractZip 64351 C:\lmgs\tux81\include\xercesc\parsers\SAXParser.hpp
com.zerog.ia.installer.actions.ExtractZip 0 C:\lmgs\tux81\include\xercesc\sax
com.zerog.ia.installer.actions.ExtractZip 10587 C:\lmgs\tux81\include\xercesc\sax\AttributeList.hpp
com.zerog.ia.installer.actions.ExtractZip 13001 C:\lmgs\tux81\include\xercesc\sax\DocumentHandler.hpp
com.zerog.ia.installer.actions.ExtractZip 7556 C:\lmgs\tux81\include\xercesc\sax\DTDHandler.hpp
com.zerog.ia.installer.actions.ExtractZip 8101 C:\lmgs\tux81\include\xercesc\sax\EntityResolver.hpp
com.zerog.ia.installer.actions.ExtractZip 8445 C:\lmgs\tux81\include\xercesc\sax\ErrorHandler.hpp
com.zerog.ia.installer.actions.ExtractZip 17028 C:\lmgs\tux81\include\xercesc\sax\HandlerBase.hpp
com.zerog.ia.installer.actions.ExtractZip 13607 C:\lmgs\tux81\include\xercesc\sax\InputSource.hpp
com.zerog.ia.installer.actions.ExtractZip 6653 C:\lmgs\tux81\include\xercesc\sax\Locator.hpp
com.zerog.ia.installer.actions.ExtractZip 11978 C:\lmgs\tux81\include\xercesc\sax\Parser.hpp
com.zerog.ia.installer.actions.ExtractZip 7723 C:\lmgs\tux81\include\xercesc\sax\SAXException.hpp
com.zerog.ia.installer.actions.ExtractZip 8067 C:\lmgs\tux81\include\xercesc\sax\SAXParseException.hpp
com.zerog.ia.installer.actions.ExtractZip 0 C:\lmgs\tux81\include\xercesc\sax2
com.zerog.ia.installer.actions.ExtractZip 13228 C:\lmgs\tux81\include\xercesc\sax2\Attributes.hpp
com.zerog.ia.installer.actions.ExtractZip 15332 C:\lmgs\tux81\include\xercesc\sax2\ContentHandler.hpp
com.zerog.ia.installer.actions.ExtractZip 7599 C:\lmgs\tux81\include\xercesc\sax2\DeclHandler.hpp
com.zerog.ia.installer.actions.ExtractZip 27671 C:\lmgs\tux81\include\xercesc\sax2\DefaultHandler.hpp
com.zerog.ia.installer.actions.ExtractZip 7326 C:\lmgs\tux81\include\xercesc\sax2\LexicalHandler.hpp
com.zerog.ia.installer.actions.ExtractZip 31867 C:\lmgs\tux81\include\xercesc\sax2\SAX2XMLReader.hpp
com.zerog.ia.installer.actions.ExtractZip 4014 C:\lmgs\tux81\include\xercesc\sax2\XMLReaderFactory.hpp
com.zerog.ia.installer.actions.ExtractZip 0 C:\lmgs\tux81\include\xercesc\util
com.zerog.ia.installer.actions.ExtractZip 3046 C:\lmgs\tux81\include\xercesc\util\ArrayIndexOutOfBoundsException.hpp
com.zerog.ia.installer.actions.ExtractZip 9631 C:\lmgs\tux81\include\xercesc\util\AutoSense.hpp
com.zerog.ia.installer.actions.ExtractZip 7899 C:\lmgs\tux81\include\xercesc\util\Base64.hpp
com.zerog.ia.installer.actions.ExtractZip 5203 C:\lmgs\tux81\include\xercesc\util\BinFileInputStream.hpp
com.zerog.ia.installer.actions.ExtractZip 4756 C:\lmgs\tux81\include\xercesc\util\BinInputStream.hpp
com.zerog.ia.installer.actions.ExtractZip 6126 C:\lmgs\tux81\include\xercesc\util\BinMemInputStream.hpp
com.zerog.ia.installer.actions.ExtractZip 4959 C:\lmgs\tux81\include\xercesc\util\BitOps.hpp
com.zerog.ia.installer.actions.ExtractZip 6125 C:\lmgs\tux81\include\xercesc\util\BitSet.hpp
com.zerog.ia.installer.actions.ExtractZip 0 C:\lmgs\tux81\include\xercesc\util\Compilers
com.zerog.ia.installer.actions.ExtractZip 6335 C:\lmgs\tux81\include\xercesc\util\Compilers\BorlandCDefs.hpp
com.zerog.ia.installer.actions.ExtractZip 5762 C:\lmgs\tux81\include\xercesc\util\Compilers\CodeWarriorDefs.hpp
com.zerog.ia.installer.actions.ExtractZip 7125 C:\lmgs\tux81\include\xercesc\util\Compilers\CSetDefs.hpp
com.zerog.ia.installer.actions.ExtractZip 4552 C:\lmgs\tux81\include\xercesc\util\Compilers\DECCXXDefs.hpp
com.zerog.ia.installer.actions.ExtractZip 7392 C:\lmgs\tux81\include\xercesc\util\Compilers\GCCDefs.hpp
com.zerog.ia.installer.actions.ExtractZip 6418 C:\lmgs\tux81\include\xercesc\util\Compilers\HPCCDefs.hpp
com.zerog.ia.installer.actions.ExtractZip 5528 C:\lmgs\tux81\include\xercesc\util\Compilers\IBMVAOS2Defs.hpp
com.zerog.ia.installer.actions.ExtractZip 5156 C:\lmgs\tux81\include\xercesc\util\Compilers\IBMVAW32Defs.hpp
com.zerog.ia.installer.actions.ExtractZip 5621 C:\lmgs\tux81\include\xercesc\util\Compilers\MIPSproDefs.hpp
com.zerog.ia.installer.actions.ExtractZip 7898 C:\lmgs\tux81\include\xercesc\util\Compilers\MVSCPPDefs.hpp
com.zerog.ia.installer.actions.ExtractZip 4796 C:\lmgs\tux81\include\xercesc\util\Compilers\OS400SetDefs.hpp
com.zerog.ia.installer.actions.ExtractZip 5513 C:\lmgs\tux81\include\xercesc\util\Compilers\PTXCCDefs.hpp
com.zerog.ia.installer.actions.ExtractZip 4386 C:\lmgs\tux81\include\xercesc\util\Compilers\SCOCCDefs.hpp
com.zerog.ia.installer.actions.ExtractZip 6836 C:\lmgs\tux81\include\xercesc\util\Compilers\SunCCDefs.hpp
com.zerog.ia.installer.actions.ExtractZip 6142 C:\lmgs\tux81\include\xercesc\util\Compilers\SunKaiDefs.hpp
com.zerog.ia.installer.actions.ExtractZip 5574 C:\lmgs\tux81\include\xercesc\util\Compilers\TandemCCDefs.hpp
com.zerog.ia.installer.actions.ExtractZip 8177 C:\lmgs\tux81\include\xercesc\util\Compilers\VCPPDefs.hpp
com.zerog.ia.installer.actions.ExtractZip 5286 C:\lmgs\tux81\include\xercesc\util\CountedPointer.c
com.zerog.ia.installer.actions.ExtractZip 4848 C:\lmgs\tux81\include\xercesc\util\CountedPointer.hpp
com.zerog.ia.installer.actions.ExtractZip 3001 C:\lmgs\tux81\include\xercesc\util\EmptyStackException.hpp
com.zerog.ia.installer.actions.ExtractZip 4455 C:\lmgs\tux81\include\xercesc\util\FlagJanitor.c
com.zerog.ia.installer.actions.ExtractZip 4899 C:\lmgs\tux81\include\xercesc\util\FlagJanitor.hpp
com.zerog.ia.installer.actions.ExtractZip 3800 C:\lmgs\tux81\include\xercesc\util\HashBase.hpp
com.zerog.ia.installer.actions.ExtractZip 4332 C:\lmgs\tux81\include\xercesc\util\HashCMStateSet.hpp
com.zerog.ia.installer.actions.ExtractZip 3422 C:\lmgs\tux81\include\xercesc\util\HashPtr.hpp
com.zerog.ia.installer.actions.ExtractZip 3386 C:\lmgs\tux81\include\xercesc\util\HashXMLCh.hpp
com.zerog.ia.installer.actions.ExtractZip 4484 C:\lmgs\tux81\include\xercesc\util\HexBin.hpp
com.zerog.ia.installer.actions.ExtractZip 3023 C:\lmgs\tux81\include\xercesc\util\IllegalArgumentException.hpp
com.zerog.ia.installer.actions.ExtractZip 3006 C:\lmgs\tux81\include\xercesc\util\InvalidCastException.hpp
com.zerog.ia.installer.actions.ExtractZip 2971 C:\lmgs\tux81\include\xercesc\util\IOException.hpp
com.zerog.ia.installer.actions.ExtractZip 6108 C:\lmgs\tux81\include\xercesc\util\Janitor.c
com.zerog.ia.installer.actions.ExtractZip 6607 C:\lmgs\tux81\include\xercesc\util\Janitor.hpp
com.zerog.ia.installer.actions.ExtractZip 5416 C:\lmgs\tux81\include\xercesc\util\KeyValuePair.c
com.zerog.ia.installer.actions.ExtractZip 5104 C:\lmgs\tux81\include\xercesc\util\KeyValuePair.hpp
com.zerog.ia.installer.actions.ExtractZip 7066 C:\lmgs\tux81\include\xercesc\util\KVStringPair.hpp
com.zerog.ia.installer.actions.ExtractZip 0 C:\lmgs\tux81\include\xercesc\util\MsgLoaders
com.zerog.ia.installer.actions.ExtractZip 0 C:\lmgs\tux81\include\xercesc\util\MsgLoaders\Win32
com.zerog.ia.installer.actions.ExtractZip 6511 C:\lmgs\tux81\include\xercesc\util\MsgLoaders\Win32\Win32MsgLoader.hpp
com.zerog.ia.installer.actions.ExtractZip 5992 C:\lmgs\tux81\include\xercesc\util\Mutexes.hpp
com.zerog.ia.installer.actions.ExtractZip 13660 C:\lmgs\tux81\include\xercesc\util\NameIdPool.c
com.zerog.ia.installer.actions.ExtractZip 11330 C:\lmgs\tux81\include\xercesc\util\NameIdPool.hpp
com.zerog.ia.installer.actions.ExtractZip 0 C:\lmgs\tux81\include\xercesc\util\NetAccessors
com.zerog.ia.installer.actions.ExtractZip 0 C:\lmgs\tux81\include\xercesc\util\NetAccessors\WinSock
com.zerog.ia.installer.actions.ExtractZip 6712 C:\lmgs\tux81\include\xercesc\util\NetAccessors\WinSock\BinHTTPURLInputStream.hpp
com.zerog.ia.installer.actions.ExtractZip 4136 C:\lmgs\tux81\include\xercesc\util\NetAccessors\WinSock\WinSockNetAccessor.hpp
com.zerog.ia.installer.actions.ExtractZip 5179 C:\lmgs\tux81\include\xercesc\util\NoDefTranscoderException.hpp
com.zerog.ia.installer.actions.ExtractZip 3015 C:\lmgs\tux81\include\xercesc\util\NoSuchElementException.hpp
com.zerog.ia.installer.actions.ExtractZip 3006 C:\lmgs\tux81\include\xercesc\util\NullPointerException.hpp
com.zerog.ia.installer.actions.ExtractZip 2993 C:\lmgs\tux81\include\xercesc\util\NumberFormatException.hpp
com.zerog.ia.installer.actions.ExtractZip 2965 C:\lmgs\tux81\include\xercesc\util\ParseException.hpp
com.zerog.ia.installer.actions.ExtractZip 0 C:\lmgs\tux81\include\xercesc\util\Platforms
com.zerog.ia.installer.actions.ExtractZip 0 C:\lmgs\tux81\include\xercesc\util\Platforms\Win32
com.zerog.ia.installer.actions.ExtractZip 3899 C:\lmgs\tux81\include\xercesc\util\Platforms\Win32\Win32Defs.hpp
com.zerog.ia.installer.actions.ExtractZip 23674 C:\lmgs\tux81\include\xercesc\util\PlatformUtils.hpp
com.zerog.ia.installer.actions.ExtractZip 9255 C:\lmgs\tux81\include\xercesc\util\QName.hpp
com.zerog.ia.installer.actions.ExtractZip 9745 C:\lmgs\tux81\include\xercesc\util\RefArrayOf.c
com.zerog.ia.installer.actions.ExtractZip 7169 C:\lmgs\tux81\include\xercesc\util\RefArrayOf.hpp
com.zerog.ia.installer.actions.ExtractZip 15125 C:\lmgs\tux81\include\xercesc\util\RefHash2KeysTableOf.c
com.zerog.ia.installer.actions.ExtractZip 10369 C:\lmgs\tux81\include\xercesc\util\RefHash2KeysTableOf.hpp
com.zerog.ia.installer.actions.ExtractZip 15451 C:\lmgs\tux81\include\xercesc\util\RefHash3KeysIdPool.c
com.zerog.ia.installer.actions.ExtractZip 11316 C:\lmgs\tux81\include\xercesc\util\RefHash3KeysIdPool.hpp
com.zerog.ia.installer.actions.ExtractZip 15430 C:\lmgs\tux81\include\xercesc\util\RefHashTableOf.c
com.zerog.ia.installer.actions.ExtractZip 10871 C:\lmgs\tux81\include\xercesc\util\RefHashTableOf.hpp
com.zerog.ia.installer.actions.ExtractZip 6904 C:\lmgs\tux81\include\xercesc\util\RefStackOf.c
com.zerog.ia.installer.actions.ExtractZip 7182 C:\lmgs\tux81\include\xercesc\util\RefStackOf.hpp
com.zerog.ia.installer.actions.ExtractZip 12120 C:\lmgs\tux81\include\xercesc\util\RefVectorOf.c
com.zerog.ia.installer.actions.ExtractZip 7406 C:\lmgs\tux81\include\xercesc\util\RefVectorOf.hpp
com.zerog.ia.installer.actions.ExtractZip 0 C:\lmgs\tux81\include\xercesc\util\regx
com.zerog.ia.installer.actions.ExtractZip 4237 C:\lmgs\tux81\include\xercesc\util\regx\ASCIIRangeFactory.hpp
com.zerog.ia.installer.actions.ExtractZip 4237 C:\lmgs\tux81\include\xercesc\util\regx\BlockRangeFactory.hpp
com.zerog.ia.installer.actions.ExtractZip 6427 C:\lmgs\tux81\include\xercesc\util\regx\BMPattern.hpp
com.zerog.ia.installer.actions.ExtractZip 4830 C:\lmgs\tux81\include\xercesc\util\regx\CharToken.hpp
com.zerog.ia.installer.actions.ExtractZip 5254 C:\lmgs\tux81\include\xercesc\util\regx\ClosureToken.hpp
com.zerog.ia.installer.actions.ExtractZip 4505 C:\lmgs\tux81\include\xercesc\util\regx\ConcatToken.hpp
com.zerog.ia.installer.actions.ExtractZip 5051 C:\lmgs\tux81\include\xercesc\util\regx\ConditionToken.hpp
com.zerog.ia.installer.actions.ExtractZip 6591 C:\lmgs\tux81\include\xercesc\util\regx\Match.hpp
com.zerog.ia.installer.actions.ExtractZip 4763 C:\lmgs\tux81\include\xercesc\util\regx\ModifierToken.hpp
com.zerog.ia.installer.actions.ExtractZip 11633 C:\lmgs\tux81\include\xercesc\util\regx\Op.hpp
com.zerog.ia.installer.actions.ExtractZip 6364 C:\lmgs\tux81\include\xercesc\util\regx\OpFactory.hpp
com.zerog.ia.installer.actions.ExtractZip 4618 C:\lmgs\tux81\include\xercesc\util\regx\ParenToken.hpp
com.zerog.ia.installer.actions.ExtractZip 6208 C:\lmgs\tux81\include\xercesc\util\regx\ParserForXMLSchema.hpp
com.zerog.ia.installer.actions.ExtractZip 4211 C:\lmgs\tux81\include\xercesc\util\regx\RangeFactory.hpp
com.zerog.ia.installer.actions.ExtractZip 6045 C:\lmgs\tux81\include\xercesc\util\regx\RangeToken.hpp
com.zerog.ia.installer.actions.ExtractZip 10177 C:\lmgs\tux81\include\xercesc\util\regx\RangeTokenMap.hpp
com.zerog.ia.installer.actions.ExtractZip 21069 C:\lmgs\tux81\include\xercesc\util\regx\RegularExpression.hpp
com.zerog.ia.installer.actions.ExtractZip 7516 C:\lmgs\tux81\include\xercesc\util\regx\RegxDefs.hpp
com.zerog.ia.installer.actions.ExtractZip 11278 C:\lmgs\tux81\include\xercesc\util\regx\RegxParser.hpp
com.zerog.ia.installer.actions.ExtractZip 4674 C:\lmgs\tux81\include\xercesc\util\regx\RegxUtil.hpp
com.zerog.ia.installer.actions.ExtractZip 5126 C:\lmgs\tux81\include\xercesc\util\regx\StringToken.hpp
com.zerog.ia.installer.actions.ExtractZip 9677 C:\lmgs\tux81\include\xercesc\util\regx\Token.hpp
com.zerog.ia.installer.actions.ExtractZip 7405 C:\lmgs\tux81\include\xercesc\util\regx\TokenFactory.hpp
com.zerog.ia.installer.actions.ExtractZip 3432 C:\lmgs\tux81\include\xercesc\util\regx\TokenInc.hpp
com.zerog.ia.installer.actions.ExtractZip 416825 C:\lmgs\tux81\include\xercesc\util\regx\UniCharTable.hpp
com.zerog.ia.installer.actions.ExtractZip 4501 C:\lmgs\tux81\include\xercesc\util\regx\UnicodeRangeFactory.hpp
com.zerog.ia.installer.actions.ExtractZip 5057 C:\lmgs\tux81\include\xercesc\util\regx\UnionToken.hpp
com.zerog.ia.installer.actions.ExtractZip 4217 C:\lmgs\tux81\include\xercesc\util\regx\XMLRangeFactory.hpp
com.zerog.ia.installer.actions.ExtractZip 4847 C:\lmgs\tux81\include\xercesc\util\regx\XMLUniCharacter.hpp
com.zerog.ia.installer.actions.ExtractZip 2990 C:\lmgs\tux81\include\xercesc\util\RuntimeException.hpp
com.zerog.ia.installer.actions.ExtractZip 3293 C:\lmgs\tux81\include\xercesc\util\SchemaDateTimeException.hpp
com.zerog.ia.installer.actions.ExtractZip 7161 C:\lmgs\tux81\include\xercesc\util\StringPool.hpp
com.zerog.ia.installer.actions.ExtractZip 0 C:\lmgs\tux81\include\xercesc\util\Transcoders
com.zerog.ia.installer.actions.ExtractZip 0 C:\lmgs\tux81\include\xercesc\util\Transcoders\ICU
com.zerog.ia.installer.actions.ExtractZip 10841 C:\lmgs\tux81\include\xercesc\util\Transcoders\ICU\ICUTransService.hpp
com.zerog.ia.installer.actions.ExtractZip 0 C:\lmgs\tux81\include\xercesc\util\Transcoders\Win32
com.zerog.ia.installer.actions.ExtractZip 11469 C:\lmgs\tux81\include\xercesc\util\Transcoders\Win32\Win32TransService.hpp
com.zerog.ia.installer.actions.ExtractZip 3005 C:\lmgs\tux81\include\xercesc\util\TranscodingException.hpp
com.zerog.ia.installer.actions.ExtractZip 4558 C:\lmgs\tux81\include\xercesc\util\TransENameMap.c
com.zerog.ia.installer.actions.ExtractZip 7188 C:\lmgs\tux81\include\xercesc\util\TransENameMap.hpp
com.zerog.ia.installer.actions.ExtractZip 18262 C:\lmgs\tux81\include\xercesc\util\TransService.hpp
com.zerog.ia.installer.actions.ExtractZip 3013 C:\lmgs\tux81\include\xercesc\util\UnexpectedEOFException.hpp
com.zerog.ia.installer.actions.ExtractZip 3037 C:\lmgs\tux81\include\xercesc\util\UnsupportedEncodingException.hpp
com.zerog.ia.installer.actions.ExtractZip 3014 C:\lmgs\tux81\include\xercesc\util\UTFDataFormatException.hpp
com.zerog.ia.installer.actions.ExtractZip 9245 C:\lmgs\tux81\include\xercesc\util\ValueArrayOf.c
com.zerog.ia.installer.actions.ExtractZip 7138 C:\lmgs\tux81\include\xercesc\util\ValueArrayOf.hpp
com.zerog.ia.installer.actions.ExtractZip 6671 C:\lmgs\tux81\include\xercesc\util\ValueStackOf.c
com.zerog.ia.installer.actions.ExtractZip 7081 C:\lmgs\tux81\include\xercesc\util\ValueStackOf.hpp
com.zerog.ia.installer.actions.ExtractZip 10399 C:\lmgs\tux81\include\xercesc\util\ValueVectorOf.c
com.zerog.ia.installer.actions.ExtractZip 7833 C:\lmgs\tux81\include\xercesc\util\ValueVectorOf.hpp
com.zerog.ia.installer.actions.ExtractZip 14230 C:\lmgs\tux81\include\xercesc\util\XercesDefs.hpp
com.zerog.ia.installer.actions.ExtractZip 7702 C:\lmgs\tux81\include\xercesc\util\XML256TableTranscoder.hpp
com.zerog.ia.installer.actions.ExtractZip 4949 C:\lmgs\tux81\include\xercesc\util\XML88591Transcoder.hpp
com.zerog.ia.installer.actions.ExtractZip 7354 C:\lmgs\tux81\include\xercesc\util\XMLAbstractDoubleFloat.hpp
com.zerog.ia.installer.actions.ExtractZip 4941 C:\lmgs\tux81\include\xercesc\util\XMLASCIITranscoder.hpp
com.zerog.ia.installer.actions.ExtractZip 6003 C:\lmgs\tux81\include\xercesc\util\XMLBigDecimal.hpp
com.zerog.ia.installer.actions.ExtractZip 6016 C:\lmgs\tux81\include\xercesc\util\XMLBigInteger.hpp
com.zerog.ia.installer.actions.ExtractZip 4739 C:\lmgs\tux81\include\xercesc\util\XMLChTranscoder.hpp
com.zerog.ia.installer.actions.ExtractZip 11871 C:\lmgs\tux81\include\xercesc\util\XMLDateTime.hpp
com.zerog.ia.installer.actions.ExtractZip 3750 C:\lmgs\tux81\include\xercesc\util\XMLDeleterFor.c
com.zerog.ia.installer.actions.ExtractZip 4858 C:\lmgs\tux81\include\xercesc\util\XMLDeleterFor.hpp
com.zerog.ia.installer.actions.ExtractZip 6057 C:\lmgs\tux81\include\xercesc\util\XMLDouble.hpp
com.zerog.ia.installer.actions.ExtractZip 4365 C:\lmgs\tux81\include\xercesc\util\XMLEBCDICTranscoder.hpp
com.zerog.ia.installer.actions.ExtractZip 3926 C:\lmgs\tux81\include\xercesc\util\XMLEnumerator.hpp
com.zerog.ia.installer.actions.ExtractZip 11058 C:\lmgs\tux81\include\xercesc\util\XMLException.hpp
com.zerog.ia.installer.actions.ExtractZip 17638 C:\lmgs\tux81\include\xercesc\util\XMLExceptMsgs.hpp
com.zerog.ia.installer.actions.ExtractZip 5757 C:\lmgs\tux81\include\xercesc\util\XMLFloat.hpp
com.zerog.ia.installer.actions.ExtractZip 4307 C:\lmgs\tux81\include\xercesc\util\XMLIBM1140Transcoder.hpp
com.zerog.ia.installer.actions.ExtractZip 3817 C:\lmgs\tux81\include\xercesc\util\XMLInteger.hpp
com.zerog.ia.installer.actions.ExtractZip 8842 C:\lmgs\tux81\include\xercesc\util\XMLMsgLoader.hpp
com.zerog.ia.installer.actions.ExtractZip 4836 C:\lmgs\tux81\include\xercesc\util\XMLNetAccessor.hpp
com.zerog.ia.installer.actions.ExtractZip 3749 C:\lmgs\tux81\include\xercesc\util\XMLNumber.hpp
com.zerog.ia.installer.actions.ExtractZip 7011 C:\lmgs\tux81\include\xercesc\util\XMLRegisterCleanup.hpp
com.zerog.ia.installer.actions.ExtractZip 52393 C:\lmgs\tux81\include\xercesc\util\XMLString.hpp
com.zerog.ia.installer.actions.ExtractZip 8352 C:\lmgs\tux81\include\xercesc\util\XMLStringTokenizer.hpp
com.zerog.ia.installer.actions.ExtractZip 5332 C:\lmgs\tux81\include\xercesc\util\XMLUCS4Transcoder.hpp
com.zerog.ia.installer.actions.ExtractZip 10259 C:\lmgs\tux81\include\xercesc\util\XMLUni.hpp
com.zerog.ia.installer.actions.ExtractZip 8123 C:\lmgs\tux81\include\xercesc\util\XMLUniDefs.hpp
com.zerog.ia.installer.actions.ExtractZip 16847 C:\lmgs\tux81\include\xercesc\util\XMLUri.hpp
com.zerog.ia.installer.actions.ExtractZip 9653 C:\lmgs\tux81\include\xercesc\util\XMLURL.hpp
com.zerog.ia.installer.actions.ExtractZip 5329 C:\lmgs\tux81\include\xercesc\util\XMLUTF16Transcoder.hpp
com.zerog.ia.installer.actions.ExtractZip 4938 C:\lmgs\tux81\include\xercesc\util\XMLUTF8Transcoder.hpp
com.zerog.ia.installer.actions.ExtractZip 3866 C:\lmgs\tux81\include\xercesc\util\XMLWin1252Transcoder.hpp
com.zerog.ia.installer.actions.ExtractZip 0 C:\lmgs\tux81\include\xercesc\validators
com.zerog.ia.installer.actions.ExtractZip 0 C:\lmgs\tux81\include\xercesc\validators\common
com.zerog.ia.installer.actions.ExtractZip 7298 C:\lmgs\tux81\include\xercesc\validators\common\AllContentModel.hpp
com.zerog.ia.installer.actions.ExtractZip 5383 C:\lmgs\tux81\include\xercesc\validators\common\CMAny.hpp
com.zerog.ia.installer.actions.ExtractZip 5822 C:\lmgs\tux81\include\xercesc\validators\common\CMBinaryOp.hpp
com.zerog.ia.installer.actions.ExtractZip 10993 C:\lmgs\tux81\include\xercesc\validators\common\CMLeaf.hpp
com.zerog.ia.installer.actions.ExtractZip 8877 C:\lmgs\tux81\include\xercesc\validators\common\CMNode.hpp
com.zerog.ia.installer.actions.ExtractZip 12313 C:\lmgs\tux81\include\xercesc\validators\common\CMStateSet.hpp
com.zerog.ia.installer.actions.ExtractZip 5704 C:\lmgs\tux81\include\xercesc\validators\common\CMUnaryOp.hpp
com.zerog.ia.installer.actions.ExtractZip 6307 C:\lmgs\tux81\include\xercesc\validators\common\ContentLeafNameTypeVector.hpp
com.zerog.ia.installer.actions.ExtractZip 15254 C:\lmgs\tux81\include\xercesc\validators\common\ContentSpecNode.hpp
com.zerog.ia.installer.actions.ExtractZip 13171 C:\lmgs\tux81\include\xercesc\validators\common\DFAContentModel.hpp
com.zerog.ia.installer.actions.ExtractZip 7795 C:\lmgs\tux81\include\xercesc\validators\common\Grammar.hpp
com.zerog.ia.installer.actions.ExtractZip 6177 C:\lmgs\tux81\include\xercesc\validators\common\GrammarResolver.hpp
com.zerog.ia.installer.actions.ExtractZip 10157 C:\lmgs\tux81\include\xercesc\validators\common\MixedContentModel.hpp
com.zerog.ia.installer.actions.ExtractZip 10168 C:\lmgs\tux81\include\xercesc\validators\common\SimpleContentModel.hpp
com.zerog.ia.installer.actions.ExtractZip 0 C:\lmgs\tux81\include\xercesc\validators\datatype
com.zerog.ia.installer.actions.ExtractZip 7721 C:\lmgs\tux81\include\xercesc\validators\datatype\AbstractNumericFacetValidator.hpp
com.zerog.ia.installer.actions.ExtractZip 4846 C:\lmgs\tux81\include\xercesc\validators\datatype\AbstractNumericValidator.hpp
com.zerog.ia.installer.actions.ExtractZip 9679 C:\lmgs\tux81\include\xercesc\validators\datatype\AbstractStringValidator.hpp
com.zerog.ia.installer.actions.ExtractZip 6816 C:\lmgs\tux81\include\xercesc\validators\datatype\AnySimpleTypeDatatypeValidator.hpp
com.zerog.ia.installer.actions.ExtractZip 6227 C:\lmgs\tux81\include\xercesc\validators\datatype\AnyURIDatatypeValidator.hpp
com.zerog.ia.installer.actions.ExtractZip 5268 C:\lmgs\tux81\include\xercesc\validators\datatype\Base64BinaryDatatypeValidator.hpp
com.zerog.ia.installer.actions.ExtractZip 6780 C:\lmgs\tux81\include\xercesc\validators\datatype\BooleanDatatypeValidator.hpp
com.zerog.ia.installer.actions.ExtractZip 14263 C:\lmgs\tux81\include\xercesc\validators\datatype\DatatypeValidator.hpp
com.zerog.ia.installer.actions.ExtractZip 9993 C:\lmgs\tux81\include\xercesc\validators\datatype\DatatypeValidatorFactory.hpp
com.zerog.ia.installer.actions.ExtractZip 4584 C:\lmgs\tux81\include\xercesc\validators\datatype\DateDatatypeValidator.hpp
com.zerog.ia.installer.actions.ExtractZip 4632 C:\lmgs\tux81\include\xercesc\validators\datatype\DateTimeDatatypeValidator.hpp
com.zerog.ia.installer.actions.ExtractZip 5737 C:\lmgs\tux81\include\xercesc\validators\datatype\DateTimeValidator.hpp
com.zerog.ia.installer.actions.ExtractZip 4571 C:\lmgs\tux81\include\xercesc\validators\datatype\DayDatatypeValidator.hpp
com.zerog.ia.installer.actions.ExtractZip 8502 C:\lmgs\tux81\include\xercesc\validators\datatype\DecimalDatatypeValidator.hpp
com.zerog.ia.installer.actions.ExtractZip 7009 C:\lmgs\tux81\include\xercesc\validators\datatype\DoubleDatatypeValidator.hpp
com.zerog.ia.installer.actions.ExtractZip 4852 C:\lmgs\tux81\include\xercesc\validators\datatype\DurationDatatypeValidator.hpp
com.zerog.ia.installer.actions.ExtractZip 7356 C:\lmgs\tux81\include\xercesc\validators\datatype\ENTITYDatatypeValidator.hpp
com.zerog.ia.installer.actions.ExtractZip 7008 C:\lmgs\tux81\include\xercesc\validators\datatype\FloatDatatypeValidator.hpp
com.zerog.ia.installer.actions.ExtractZip 5219 C:\lmgs\tux81\include\xercesc\validators\datatype\HexBinaryDatatypeValidator.hpp
com.zerog.ia.installer.actions.ExtractZip 6709 C:\lmgs\tux81\include\xercesc\validators\datatype\IDDatatypeValidator.hpp
com.zerog.ia.installer.actions.ExtractZip 6790 C:\lmgs\tux81\include\xercesc\validators\datatype\IDREFDatatypeValidator.hpp
com.zerog.ia.installer.actions.ExtractZip 3025 C:\lmgs\tux81\include\xercesc\validators\datatype\InvalidDatatypeFacetException.hpp
com.zerog.ia.installer.actions.ExtractZip 3025 C:\lmgs\tux81\include\xercesc\validators\datatype\InvalidDatatypeValueException.hpp
com.zerog.ia.installer.actions.ExtractZip 8855 C:\lmgs\tux81\include\xercesc\validators\datatype\ListDatatypeValidator.hpp
com.zerog.ia.installer.actions.ExtractZip 4596 C:\lmgs\tux81\include\xercesc\validators\datatype\MonthDatatypeValidator.hpp
com.zerog.ia.installer.actions.ExtractZip 4632 C:\lmgs\tux81\include\xercesc\validators\datatype\MonthDayDatatypeValidator.hpp
com.zerog.ia.installer.actions.ExtractZip 6112 C:\lmgs\tux81\include\xercesc\validators\datatype\NameDatatypeValidator.hpp
com.zerog.ia.installer.actions.ExtractZip 6138 C:\lmgs\tux81\include\xercesc\validators\datatype\NCNameDatatypeValidator.hpp
com.zerog.ia.installer.actions.ExtractZip 5620 C:\lmgs\tux81\include\xercesc\validators\datatype\NOTATIONDatatypeValidator.hpp
com.zerog.ia.installer.actions.ExtractZip 5558 C:\lmgs\tux81\include\xercesc\validators\datatype\QNameDatatypeValidator.hpp
com.zerog.ia.installer.actions.ExtractZip 6396 C:\lmgs\tux81\include\xercesc\validators\datatype\StringDatatypeValidator.hpp
com.zerog.ia.installer.actions.ExtractZip 4624 C:\lmgs\tux81\include\xercesc\validators\datatype\TimeDatatypeValidator.hpp
com.zerog.ia.installer.actions.ExtractZip 10835 C:\lmgs\tux81\include\xercesc\validators\datatype\UnionDatatypeValidator.hpp
com.zerog.ia.installer.actions.ExtractZip 4584 C:\lmgs\tux81\include\xercesc\validators\datatype\YearDatatypeValidator.hpp
com.zerog.ia.installer.actions.ExtractZip 4644 C:\lmgs\tux81\include\xercesc\validators\datatype\YearMonthDatatypeValidator.hpp
com.zerog.ia.installer.actions.ExtractZip 0 C:\lmgs\tux81\include\xercesc\validators\DTD
com.zerog.ia.installer.actions.ExtractZip 6544 C:\lmgs\tux81\include\xercesc\validators\DTD\DocTypeHandler.hpp
com.zerog.ia.installer.actions.ExtractZip 6831 C:\lmgs\tux81\include\xercesc\validators\DTD\DTDAttDef.hpp
com.zerog.ia.installer.actions.ExtractZip 6067 C:\lmgs\tux81\include\xercesc\validators\DTD\DTDAttDefList.hpp
com.zerog.ia.installer.actions.ExtractZip 11931 C:\lmgs\tux81\include\xercesc\validators\DTD\DTDElementDecl.hpp
com.zerog.ia.installer.actions.ExtractZip 8718 C:\lmgs\tux81\include\xercesc\validators\DTD\DTDEntityDecl.hpp
com.zerog.ia.installer.actions.ExtractZip 12025 C:\lmgs\tux81\include\xercesc\validators\DTD\DTDGrammar.hpp
com.zerog.ia.installer.actions.ExtractZip 12965 C:\lmgs\tux81\include\xercesc\validators\DTD\DTDScanner.hpp
com.zerog.ia.installer.actions.ExtractZip 8464 C:\lmgs\tux81\include\xercesc\validators\DTD\DTDValidator.hpp
com.zerog.ia.installer.actions.ExtractZip 0 C:\lmgs\tux81\include\xercesc\validators\schema
com.zerog.ia.installer.actions.ExtractZip 16536 C:\lmgs\tux81\include\xercesc\validators\schema\ComplexTypeInfo.hpp
com.zerog.ia.installer.actions.ExtractZip 11369 C:\lmgs\tux81\include\xercesc\validators\schema\GeneralAttributeCheck.hpp
com.zerog.ia.installer.actions.ExtractZip 0 C:\lmgs\tux81\include\xercesc\validators\schema\identity
com.zerog.ia.installer.actions.ExtractZip 5965 C:\lmgs\tux81\include\xercesc\validators\schema\identity\FieldActivator.hpp
com.zerog.ia.installer.actions.ExtractZip 7743 C:\lmgs\tux81\include\xercesc\validators\schema\identity\FieldValueMap.hpp
com.zerog.ia.installer.actions.ExtractZip 7309 C:\lmgs\tux81\include\xercesc\validators\schema\identity\IC_Field.hpp
com.zerog.ia.installer.actions.ExtractZip 4226 C:\lmgs\tux81\include\xercesc\validators\schema\identity\IC_Key.hpp
com.zerog.ia.installer.actions.ExtractZip 4644 C:\lmgs\tux81\include\xercesc\validators\schema\identity\IC_KeyRef.hpp
com.zerog.ia.installer.actions.ExtractZip 7115 C:\lmgs\tux81\include\xercesc\validators\schema\identity\IC_Selector.hpp
com.zerog.ia.installer.actions.ExtractZip 4319 C:\lmgs\tux81\include\xercesc\validators\schema\identity\IC_Unique.hpp
com.zerog.ia.installer.actions.ExtractZip 8032 C:\lmgs\tux81\include\xercesc\validators\schema\identity\IdentityConstraint.hpp
com.zerog.ia.installer.actions.ExtractZip 6948 C:\lmgs\tux81\include\xercesc\validators\schema\identity\ValueStore.hpp
com.zerog.ia.installer.actions.ExtractZip 8551 C:\lmgs\tux81\include\xercesc\validators\schema\identity\ValueStoreCache.hpp
com.zerog.ia.installer.actions.ExtractZip 20481 C:\lmgs\tux81\include\xercesc\validators\schema\identity\XercesXPath.hpp
com.zerog.ia.installer.actions.ExtractZip 2968 C:\lmgs\tux81\include\xercesc\validators\schema\identity\XPathException.hpp
com.zerog.ia.installer.actions.ExtractZip 7931 C:\lmgs\tux81\include\xercesc\validators\schema\identity\XPathMatcher.hpp
com.zerog.ia.installer.actions.ExtractZip 6413 C:\lmgs\tux81\include\xercesc\validators\schema\identity\XPathMatcherStack.hpp
com.zerog.ia.installer.actions.ExtractZip 4129 C:\lmgs\tux81\include\xercesc\validators\schema\identity\XPathSymbols.hpp
com.zerog.ia.installer.actions.ExtractZip 7619 C:\lmgs\tux81\include\xercesc\validators\schema\NamespaceScope.hpp
com.zerog.ia.installer.actions.ExtractZip 8645 C:\lmgs\tux81\include\xercesc\validators\schema\SchemaAttDef.hpp
com.zerog.ia.installer.actions.ExtractZip 5766 C:\lmgs\tux81\include\xercesc\validators\schema\SchemaAttDefList.hpp
com.zerog.ia.installer.actions.ExtractZip 18894 C:\lmgs\tux81\include\xercesc\validators\schema\SchemaElementDecl.hpp
com.zerog.ia.installer.actions.ExtractZip 19270 C:\lmgs\tux81\include\xercesc\validators\schema\SchemaGrammar.hpp
com.zerog.ia.installer.actions.ExtractZip 12734 C:\lmgs\tux81\include\xercesc\validators\schema\SchemaInfo.hpp
com.zerog.ia.installer.actions.ExtractZip 10783 C:\lmgs\tux81\include\xercesc\validators\schema\SchemaSymbols.hpp
com.zerog.ia.installer.actions.ExtractZip 9838 C:\lmgs\tux81\include\xercesc\validators\schema\SchemaValidator.hpp
com.zerog.ia.installer.actions.ExtractZip 5973 C:\lmgs\tux81\include\xercesc\validators\schema\SubstitutionGroupComparator.hpp
com.zerog.ia.installer.actions.ExtractZip 45650 C:\lmgs\tux81\include\xercesc\validators\schema\TraverseSchema.hpp
com.zerog.ia.installer.actions.ExtractZip 8455 C:\lmgs\tux81\include\xercesc\validators\schema\XercesAttGroupInfo.hpp
com.zerog.ia.installer.actions.ExtractZip 5293 C:\lmgs\tux81\include\xercesc\validators\schema\XercesElementWildcard.hpp
com.zerog.ia.installer.actions.ExtractZip 7152 C:\lmgs\tux81\include\xercesc\validators\schema\XercesGroupInfo.hpp
com.zerog.ia.installer.actions.ExtractZip 9131 C:\lmgs\tux81\include\xercesc\validators\schema\XUtil.hpp
com.zerog.ia.installer.actions.ExtractZip false C:\lmgs\tux81\lib
com.zerog.ia.installer.actions.ExtractZip 15457 C:\lmgs\tux81\lib\dceserver.c
com.zerog.ia.installer.actions.ExtractZip 1302894 C:\lmgs\tux81\lib\grid.lib
com.zerog.ia.installer.actions.ExtractZip 1962 C:\lmgs\tux81\lib\libbuft.lib
com.zerog.ia.installer.actions.ExtractZip 77752 C:\lmgs\tux81\lib\libcobatmi.lib
com.zerog.ia.installer.actions.ExtractZip 11458 C:\lmgs\tux81\lib\libdrpc.lib
com.zerog.ia.installer.actions.ExtractZip 149782 C:\lmgs\tux81\lib\libengine.lib
com.zerog.ia.installer.actions.ExtractZip 21096 C:\lmgs\tux81\lib\libfml.lib
com.zerog.ia.installer.actions.ExtractZip 22964 C:\lmgs\tux81\lib\libfml32.lib
com.zerog.ia.installer.actions.ExtractZip 2946 C:\lmgs\tux81\lib\libgiconv.lib
com.zerog.ia.installer.actions.ExtractZip 26028 C:\lmgs\tux81\lib\libgpnet.lib
com.zerog.ia.installer.actions.ExtractZip 2484 C:\lmgs\tux81\lib\libjms.lib
com.zerog.ia.installer.actions.ExtractZip 17300 C:\lmgs\tux81\lib\libqm.lib
com.zerog.ia.installer.actions.ExtractZip 7582 C:\lmgs\tux81\lib\libqs.lib
com.zerog.ia.installer.actions.ExtractZip 15722 C:\lmgs\tux81\lib\libsec.lib
com.zerog.ia.installer.actions.ExtractZip 12492 C:\lmgs\tux81\lib\libsecssl.lib
com.zerog.ia.installer.actions.ExtractZip 31220 C:\lmgs\tux81\lib\libtrpc.lib
com.zerog.ia.installer.actions.ExtractZip 1853746 C:\lmgs\tux81\lib\libtxml.lib
com.zerog.ia.installer.actions.ExtractZip 49588 C:\lmgs\tux81\lib\libwsc.lib
com.zerog.ia.installer.actions.ExtractZip 43742 C:\lmgs\tux81\lib\registry.lib
com.zerog.ia.installer.actions.ExtractZip 1926 C:\lmgs\tux81\lib\ticudata.lib
com.zerog.ia.installer.actions.ExtractZip 535932 C:\lmgs\tux81\lib\ticuin.lib
com.zerog.ia.installer.actions.ExtractZip 360408 C:\lmgs\tux81\lib\ticuuc.lib
com.zerog.ia.installer.actions.ExtractZip 350172 C:\lmgs\tux81\lib\tls.lib
com.zerog.ia.installer.actions.ExtractZip 7912 C:\lmgs\tux81\lib\tmtypesw.c
com.zerog.ia.installer.actions.ExtractZip 1306694 C:\lmgs\tux81\lib\toolkit.lib
com.zerog.ia.installer.actions.ExtractZip 145756 C:\lmgs\tux81\lib\tuxlib.lib
com.zerog.ia.installer.actions.ExtractZip 79790 C:\lmgs\tux81\lib\wtuxws32.lib
com.zerog.ia.installer.actions.ExtractZip false C:\lmgs\tux81\udataobj
com.zerog.ia.installer.actions.ExtractZip 1698 C:\lmgs\tux81\udataobj\evt_mib
com.zerog.ia.installer.actions.ExtractZip 296 C:\lmgs\tux81\udataobj\Idlopts
com.zerog.ia.installer.actions.ExtractZip 1768 C:\lmgs\tux81\udataobj\mib_views.VV
com.zerog.ia.installer.actions.ExtractZip 73216 C:\lmgs\tux81\udataobj\SysRegiiop.rdp
com.zerog.ia.installer.actions.ExtractZip 28194 C:\lmgs\tux81\udataobj\tmib_views.VV
com.zerog.ia.installer.actions.ExtractZip 31152 C:\lmgs\tux81\udataobj\tpadm
com.zerog.ia.installer.actions.ExtractZip 1638 C:\lmgs\tux81\udataobj\Usysfl32
com.zerog.ia.installer.actions.ExtractZip 1638 C:\lmgs\tux81\udataobj\Usysflds
com.zerog.ia.installer.actions.ExtractZip false C:\lmgs\tux81\cobinclude
com.zerog.ia.installer.actions.ExtractZip 1222 C:\lmgs\tux81\cobinclude\FMLINFO.cbl
com.zerog.ia.installer.actions.ExtractZip 570 C:\lmgs\tux81\cobinclude\TPAUTDEF.cbl
com.zerog.ia.installer.actions.ExtractZip 1209 C:\lmgs\tux81\cobinclude\TPBCTDEF.cbl
com.zerog.ia.installer.actions.ExtractZip 1094 C:\lmgs\tux81\cobinclude\TPCMTDEF.cbl
com.zerog.ia.installer.actions.ExtractZip 1411 C:\lmgs\tux81\cobinclude\TPEVTDEF.cbl
com.zerog.ia.installer.actions.ExtractZip 1109 C:\lmgs\tux81\cobinclude\TPFORWAR.cbl
com.zerog.ia.installer.actions.ExtractZip 1338 C:\lmgs\tux81\cobinclude\TPINFDEF.cbl
com.zerog.ia.installer.actions.ExtractZip 1015 C:\lmgs\tux81\cobinclude\TPPRIDEF.cbl
com.zerog.ia.installer.actions.ExtractZip 3466 C:\lmgs\tux81\cobinclude\TPQUEDEF.cbl
com.zerog.ia.installer.actions.ExtractZip 1157 C:\lmgs\tux81\cobinclude\TPRETURN.cbl
com.zerog.ia.installer.actions.ExtractZip 1947 C:\lmgs\tux81\cobinclude\TPSTATUS.cbl
com.zerog.ia.installer.actions.ExtractZip 1909 C:\lmgs\tux81\cobinclude\TPSVCDEF.cbl
com.zerog.ia.installer.actions.ExtractZip 659 C:\lmgs\tux81\cobinclude\TPSVCRET.cbl
com.zerog.ia.installer.actions.ExtractZip 964 C:\lmgs\tux81\cobinclude\TPTRXDEF.cbl
com.zerog.ia.installer.actions.ExtractZip 986 C:\lmgs\tux81\cobinclude\TPTRXLEV.cbl
com.zerog.ia.installer.actions.ExtractZip 1139 C:\lmgs\tux81\cobinclude\TPTYPE.cbl
com.zerog.ia.installer.actions.ExtractZip 1412 C:\lmgs\tux81\cobinclude\TXINFDEF.cbl
com.zerog.ia.installer.actions.ExtractZip 1803 C:\lmgs\tux81\cobinclude\TXSTATUS.cbl
com.zerog.ia.installer.actions.ExtractZip false C:\lmgs\tux81\locale\C
com.zerog.ia.installer.actions.ExtractZip 49152 C:\lmgs\tux81\locale\C\cmdfml.cat
com.zerog.ia.installer.actions.ExtractZip 5069 C:\lmgs\tux81\locale\C\CMDFML.text
com.zerog.ia.installer.actions.ExtractZip 5421 C:\lmgs\tux81\locale\C\CMDFML_CAT
com.zerog.ia.installer.actions.ExtractZip 163840 C:\lmgs\tux81\locale\C\cmdtux.cat
com.zerog.ia.installer.actions.ExtractZip 132305 C:\lmgs\tux81\locale\C\CMDTUX.text
com.zerog.ia.installer.actions.ExtractZip 143867 C:\lmgs\tux81\locale\C\CMDTUX_CAT
com.zerog.ia.installer.actions.ExtractZip 45056 C:\lmgs\tux81\locale\C\cobapi.cat
com.zerog.ia.installer.actions.ExtractZip 150 C:\lmgs\tux81\locale\C\COBAPI.text
com.zerog.ia.installer.actions.ExtractZip 45 C:\lmgs\tux81\locale\C\COBAPI_CAT
com.zerog.ia.installer.actions.ExtractZip 65536 C:\lmgs\tux81\locale\C\gp.cat
com.zerog.ia.installer.actions.ExtractZip 26876 C:\lmgs\tux81\locale\C\GP.text
com.zerog.ia.installer.actions.ExtractZip 28651 C:\lmgs\tux81\locale\C\Gp_cat
com.zerog.ia.installer.actions.ExtractZip 45056 C:\lmgs\tux81\locale\C\lang.cat
com.zerog.ia.installer.actions.ExtractZip 919 C:\lmgs\tux81\locale\C\lang.text
com.zerog.ia.installer.actions.ExtractZip 275 C:\lmgs\tux81\locale\C\Langinfo
com.zerog.ia.installer.actions.ExtractZip 45056 C:\lmgs\tux81\locale\C\libfml.cat
com.zerog.ia.installer.actions.ExtractZip 917 C:\lmgs\tux81\locale\C\LIBFML.text
com.zerog.ia.installer.actions.ExtractZip 854 C:\lmgs\tux81\locale\C\LIBFML_CAT
com.zerog.ia.installer.actions.ExtractZip 98304 C:\lmgs\tux81\locale\C\libtux.cat
com.zerog.ia.installer.actions.ExtractZip 64929 C:\lmgs\tux81\locale\C\LIBTUX.text
com.zerog.ia.installer.actions.ExtractZip 72601 C:\lmgs\tux81\locale\C\LIBTUX_CAT
com.zerog.ia.installer.actions.ExtractZip 61440 C:\lmgs\tux81\locale\C\libwsc.cat
com.zerog.ia.installer.actions.ExtractZip 19261 C:\lmgs\tux81\locale\C\LIBWSC.text
com.zerog.ia.installer.actions.ExtractZip 20680 C:\lmgs\tux81\locale\C\LIBWSC_CAT
com.zerog.ia.installer.actions.ExtractZip 81920 C:\lmgs\tux81\locale\C\q.cat
com.zerog.ia.installer.actions.ExtractZip 51364 C:\lmgs\tux81\locale\C\Q.text
com.zerog.ia.installer.actions.ExtractZip 54692 C:\lmgs\tux81\locale\C\Q_cat
com.zerog.ia.installer.actions.ExtractZip 65536 C:\lmgs\tux81\locale\C\trpc.cat
com.zerog.ia.installer.actions.ExtractZip 25631 C:\lmgs\tux81\locale\C\TRPC.text
com.zerog.ia.installer.actions.ExtractZip 27880 C:\lmgs\tux81\locale\C\Trpc_cat
com.zerog.ia.installer.actions.ExtractZip 45056 C:\lmgs\tux81\locale\C\tuxnt.cat
com.zerog.ia.installer.actions.ExtractZip 4060 C:\lmgs\tux81\locale\C\TUXNT.text
com.zerog.ia.installer.actions.ExtractZip 4599 C:\lmgs\tux81\locale\C\TUXNT_CAT
